<?xml version="1.0" encoding="UTF-8"?>
<!-- Generated by org.testng.reporters.JUnitReportReporter -->
<testsuite hostname="DESKTOP-JFEA9BO" failures="0" tests="1" name="testScript.LoginTest" time="6.788" errors="0" timestamp="2025-05-09T14:32:46 IST" skipped="0">
  <testcase classname="testScript.LoginTest" name="verifyLoginIsSuccessfullWithValidCredentials" time="6.788"/>
</testsuite> <!-- testScript.LoginTest -->
