<?xml version="1.0" encoding="UTF-8"?>
<!-- Generated by org.testng.reporters.JUnitReportReporter -->
<testsuite hostname="DESKTOP-JFEA9BO" failures="0" tests="1" name="testScript.ManageNewsTest" time="16.045" errors="0" timestamp="2025-05-23T14:15:00 IST" skipped="0">
  <testcase classname="testScript.ManageNewsTest" name="verifyCustomerCanAddNewNewsSuccesfullyInManageNewsFiled" time="16.045"/>
</testsuite> <!-- testScript.ManageNewsTest -->
