<?xml version="1.0" encoding="UTF-8"?>
<!-- Generated by org.testng.reporters.JUnitReportReporter -->
<testsuite hostname="DESKTOP-JFEA9BO" failures="0" tests="1" name="testScript.ManageNewsTest" time="6.916" errors="0" timestamp="2025-05-16T23:32:48 IST" skipped="0">
  <testcase classname="testScript.ManageNewsTest" name="verifyCustomerCanSearchNewlyAddedNewsSuccesfullyInManageNewsSearchFiled" time="6.916"/>
</testsuite> <!-- testScript.ManageNewsTest -->
