<?xml version="1.0" encoding="UTF-8"?>
<!-- Generated by org.testng.reporters.JUnitReportReporter -->
<testsuite hostname="DESKTOP-JFEA9BO" failures="0" tests="1" name="testScript.HomeTest" time="5.549" errors="0" timestamp="2025-05-13T15:25:07 IST" skipped="0">
  <testcase classname="testScript.HomeTest" name="verifyLoginIsSuccessfullWithValidCredentials" time="5.549"/>
</testsuite> <!-- testScript.HomeTest -->
