<?xml version="1.0" encoding="UTF-8"?>
<!-- Generated by org.testng.reporters.JUnitReportReporter -->
<testsuite hostname="DESKTOP-JFEA9BO" failures="0" tests="1" name="testScript.AdminUsersTest" time="11.324" errors="0" timestamp="2025-05-16T14:35:16 IST" skipped="0">
  <testcase classname="testScript.AdminUsersTest" name="verifyCustomerCanAddNewUsersSuccesfullyInNewAdminusersFiled" time="11.324"/>
</testsuite> <!-- testScript.AdminUsersTest -->
