<?xml version="1.0" encoding="UTF-8"?>
<!-- Generated by org.testng.reporters.JUnitReportReporter -->
<testsuite hostname="DESKTOP-JFEA9BO" failures="0" tests="2" name="testScript.ManageCategoryTest" time="50.498" errors="0" timestamp="2025-05-23T14:45:18 IST" skipped="0">
  <testcase classname="testScript.ManageCategoryTest" name="verifyCustomerCanAddNewUsersSuccesfullyInNewAdminusersFiled" time="40.499"/>
  <testcase classname="testScript.ManageCategoryTest" name="verifyCustomerCanSearchCategory" time="9.999"/>
</testsuite> <!-- testScript.ManageCategoryTest -->
