<?xml version="1.0" encoding="UTF-8"?>
<!-- Generated by org.testng.reporters.JUnitReportReporter -->
<testsuite hostname="DESKTOP-JFEA9BO" failures="0" tests="1" name="testScript.HomeTest" time="10.910" errors="0" timestamp="2025-05-20T14:57:00 IST" skipped="0">
  <testcase classname="testScript.HomeTest" name="verifyLoginIsSuccessfullWithValidCredentials" time="10.910"/>
</testsuite> <!-- testScript.HomeTest -->
