<?xml version="1.0" encoding="UTF-8"?>
<!-- Generated by org.testng.reporters.JUnitReportReporter -->
<testsuite hostname="DESKTOP-JFEA9BO" failures="0" tests="1" name="testScript.HomeTest" time="31.761" errors="0" timestamp="2025-05-26T14:37:17 IST" skipped="0">
  <testcase classname="testScript.HomeTest" name="verifyLogoutIsSuccesfullForLoggedinUser" time="31.761"/>
</testsuite> <!-- testScript.HomeTest -->
