<?xml version="1.0" encoding="UTF-8"?>
<!-- Generated by org.testng.reporters.JUnitReportReporter -->
<testsuite hostname="DESKTOP-JFEA9BO" failures="0" tests="2" name="testScript.ManageCategoryTest" time="40.568" errors="0" timestamp="2025-05-20T15:05:13 IST" skipped="0">
  <testcase classname="testScript.ManageCategoryTest" name="verifyCustomerCanSearchCategory" time="11.923"/>
  <testcase classname="testScript.ManageCategoryTest" name="verifyCustomerCanAddNewUsersSuccesfullyInNewAdminusersFiled" time="28.645"/>
</testsuite> <!-- testScript.ManageCategoryTest -->
