<?xml version="1.0" encoding="UTF-8"?>
<!-- Generated by org.testng.reporters.JUnitReportReporter -->
<testsuite hostname="DESKTOP-JFEA9BO" failures="0" tests="1" name="testScript.ManageCategoryTest" time="27.452" errors="0" timestamp="2025-05-29T14:41:18 IST" skipped="0">
  <testcase classname="testScript.ManageCategoryTest" name="verifyCustomerCanAddNewUsersSuccesfullyInNewAdminusersFiled" time="27.452"/>
</testsuite> <!-- testScript.ManageCategoryTest -->
