<?xml version="1.0" encoding="UTF-8"?>
<!-- Generated by org.testng.reporters.JUnitReportReporter -->
<testsuite hostname="DESKTOP-JFEA9BO" failures="0" tests="1" name="testScript.AdminUsersTest" time="11.068" errors="0" timestamp="2025-05-28T15:24:23 IST" skipped="0">
  <testcase classname="testScript.AdminUsersTest" name="verifyCustomerCanSearchNewlyAddedAdminUserSuccesfullyInAdminusersSearchFiled" time="11.068"/>
</testsuite> <!-- testScript.AdminUsersTest -->
