<?xml version="1.0" encoding="UTF-8"?>
<!-- Generated by org.testng.reporters.JUnitReportReporter -->
<testsuite hostname="DESKTOP-JFEA9BO" failures="0" tests="1" name="testScript.ManageNewsTest" time="5.280" errors="0" timestamp="2025-05-20T12:17:10 IST" skipped="0">
  <testcase classname="testScript.ManageNewsTest" name="verifyCustomerCanSearchNewlyAddedNewsSuccesfullyInManageNewsSearchFiled" time="5.280"/>
</testsuite> <!-- testScript.ManageNewsTest -->
